23:04:35.246 INFO  List.AuthorDetailController : Now showing: Full Name: Ragnar Ragnarson
23:04:53.982 INFO  List.AuthorDetailController : Author's info is saved
23:05:32.534 INFO  List.AuthorDetailController : Author's info is saved
23:05:43.806 INFO  List.AuthorDetailController : Now showing: Full Name: Jheremi Villarreal
23:06:35.208 INFO  List.AuthorDetailController : Now showing: Full Name: Ragnar Ragnarson
23:06:35.300 INFO  List.AuthorDetailController : Author's info is saved
23:36:15.314 INFO  List.AuthorDetailController : Now showing: Full Name: Ragnar Ragnarson
23:37:08.860 INFO  List.AuthorDetailController : Author's info is saved
23:37:13.076 INFO  List.AuthorDetailController : Author's info is saved
23:44:28.446 INFO  List.AuthorDetailController : Now showing: Full Name: Ragnar Ragnarson
23:52:10.243 INFO  List.AuthorDetailController : Now showing: Full Name: Ragnar Ragnarson
23:52:42.741 INFO  List.AuthorDetailController : Now showing: Full Name: Ragnar Ragnarson
23:52:42.923 INFO  List.AuthorDetailController : Author's info is saved
23:57:01.463 INFO  List.AuthorDetailController : Now showing: Full Name: Ragnar Ragnarson
17:50:29.876 INFO  Controller.AuthorDetailController : Now showing: Full Name: Ragnar Ragnarson
17:50:44.245 INFO  Controller.AuthorDetailController : Now showing: Full Name: Ragnar Ragnarson
17:50:44.431 INFO  Controller.AuthorDetailController : Author's info is saved
23:57:06.874 INFO  View.Launcher : Creating connection...
23:57:08.017 INFO  View.Launcher : start() called
23:57:08.146 INFO  View.Launcher : Closing connection...
<<<<<<< HEAD
18:22:20.736 INFO  View.Launcher : Creating connection...
18:22:42.154 FATAL View.Launcher : Cannot connect to db
18:23:13.286 INFO  View.Launcher : Creating connection...
18:23:34.423 FATAL View.Launcher : Cannot connect to db
=======
19:32:24.707 INFO  View.Launcher : Creating connection...
19:32:25.291 INFO  View.Launcher : start() called
19:32:26.032 INFO  View.Launcher : Closing connection...
19:35:06.682 INFO  View.Launcher : Creating connection...
19:35:07.021 INFO  View.Launcher : start() called
19:35:07.034 INFO  View.Launcher : Closing connection...
19:35:25.021 INFO  View.Launcher : Creating connection...
19:35:25.346 INFO  View.Launcher : start() called
19:35:25.455 INFO  View.Launcher : Closing connection...
19:38:41.562 INFO  View.Launcher : Creating connection...
19:38:41.894 INFO  View.Launcher : start() called
19:38:41.999 INFO  View.Launcher : Closing connection...
19:41:41.375 INFO  View.Launcher : Creating connection...
19:41:41.671 INFO  View.Launcher : start() called
19:41:41.779 INFO  View.Launcher : Closing connection...
19:41:56.186 INFO  View.Launcher : Creating connection...
19:41:56.516 INFO  View.Launcher : start() called
19:41:56.622 INFO  View.Launcher : Closing connection...
19:48:55.081 INFO  View.Launcher : Creating connection...
19:48:55.410 INFO  View.Launcher : start() called
19:48:55.517 INFO  View.Launcher : Closing connection...
19:50:34.289 INFO  View.Launcher : Creating connection...
19:50:34.621 INFO  View.Launcher : start() called
19:50:43.469 INFO  View.Launcher : Closing connection...
19:57:45.683 INFO  View.Launcher : Creating connection...
19:57:46.113 INFO  View.Launcher : start() called
19:59:03.350 INFO  View.Launcher : Creating connection...
19:59:03.640 INFO  View.Launcher : start() called
19:59:09.838 INFO  View.Launcher : Closing connection...
20:02:00.455 INFO  View.Launcher : Creating connection...
20:02:00.754 INFO  View.Launcher : start() called
20:02:07.847 INFO  View.Launcher : Closing connection...
20:02:47.586 INFO  View.Launcher : Creating connection...
20:02:47.883 INFO  View.Launcher : start() called
20:02:53.463 INFO  View.Launcher : Closing connection...
20:03:28.242 INFO  View.Launcher : Creating connection...
20:03:28.538 INFO  View.Launcher : start() called
20:03:37.304 INFO  View.Launcher : Closing connection...
20:07:42.570 INFO  View.Launcher : Creating connection...
20:07:42.869 INFO  View.Launcher : start() called
20:07:48.477 INFO  View.Launcher : Closing connection...
20:08:23.178 INFO  View.Launcher : Creating connection...
20:08:23.476 INFO  View.Launcher : start() called
20:08:28.757 INFO  View.Launcher : Closing connection...
20:09:35.806 INFO  View.Launcher : Creating connection...
20:09:36.115 INFO  View.Launcher : start() called
20:09:40.995 INFO  View.Launcher : Closing connection...
20:09:50.864 INFO  View.Launcher : Creating connection...
20:09:51.169 INFO  View.Launcher : start() called
20:09:56.151 INFO  View.Launcher : Closing connection...
>>>>>>> branch 'master' of https://github.com/JVILL16/AuthorAssignment2.git
21:26:16.724 INFO  View.Launcher : Creating connection...
21:26:17.180 INFO  View.Launcher : start() called
21:26:17.192 INFO  View.Launcher : Closing connection...
21:26:41.965 INFO  View.Launcher : Creating connection...
21:26:42.468 INFO  View.Launcher : start() called
21:26:42.493 INFO  View.Launcher : Closing connection...
21:26:50.719 INFO  View.Launcher : Creating connection...
21:26:51.174 INFO  View.Launcher : start() called
21:26:55.876 INFO  View.Launcher : Closing connection...
21:39:34.150 INFO  View.Launcher : Creating connection...
21:39:34.603 INFO  View.Launcher : start() called
21:39:34.716 INFO  View.Launcher : Closing connection...
21:40:20.250 INFO  View.Launcher : Creating connection...
21:40:20.779 INFO  View.Launcher : start() called
21:40:20.886 INFO  View.Launcher : Closing connection...
21:43:28.667 INFO  View.Launcher : Creating connection...
21:43:29.164 INFO  View.Launcher : start() called
21:43:29.337 INFO  View.Launcher : Closing connection...
21:47:03.739 INFO  View.Launcher : Creating connection...
21:47:04.234 INFO  View.Launcher : start() called
21:47:04.371 INFO  View.Launcher : Closing connection...
21:54:19.796 INFO  View.Launcher : Creating connection...
21:54:20.316 INFO  View.Launcher : start() called
21:54:20.445 INFO  View.Launcher : Closing connection...
21:56:47.912 INFO  View.Launcher : Creating connection...
21:56:48.412 INFO  View.Launcher : start() called
21:56:54.068 INFO  View.AppController : Author list menu item clicked
21:56:59.620 INFO  View.AppController : Quit menu item clicked
21:56:59.626 INFO  View.Launcher : Closing connection...
21:57:13.564 INFO  View.Launcher : Creating connection...
21:57:14.019 INFO  View.Launcher : start() called
21:59:09.325 INFO  View.AppController : Author list menu item clicked
21:59:12.921 INFO  View.Launcher : Closing connection...
22:03:51.006 INFO  View.Launcher : Creating connection...
22:03:51.429 INFO  View.Launcher : start() called
22:03:54.661 INFO  View.AppController : Author list failed
22:03:54.662 INFO  View.AppController : Author list menu item clicked
22:04:06.053 INFO  View.Launcher : Closing connection...
22:11:21.546 INFO  View.Launcher : Creating connection...
22:11:22.052 INFO  View.Launcher : start() called
22:11:24.613 INFO  View.AppController : Author list failed
22:11:24.614 INFO  View.AppController : Author list menu item clicked
22:11:33.270 INFO  View.Launcher : Closing connection...
22:12:41.774 INFO  View.Launcher : Creating connection...
22:12:42.274 INFO  View.Launcher : start() called
22:12:57.695 INFO  View.AppController : Author list failed
22:12:57.696 INFO  View.AppController : Author list menu item clicked
22:13:00.051 INFO  View.Launcher : Closing connection...
22:14:11.051 INFO  View.Launcher : Creating connection...
22:14:11.526 INFO  View.Launcher : start() called
22:14:14.284 INFO  View.AppController : Author list failed
22:14:14.284 INFO  View.AppController : Author list menu item clicked
22:14:16.814 INFO  View.Launcher : Closing connection...
22:19:33.437 INFO  View.Launcher : Creating connection...
22:19:34.103 INFO  View.Launcher : start() called
22:19:45.469 INFO  View.AppController : Author list failed
22:19:45.470 INFO  View.AppController : Author list menu item clicked
22:20:06.872 INFO  View.Launcher : Closing connection...
22:24:42.007 INFO  View.Launcher : Creating connection...
22:24:42.522 INFO  View.Launcher : start() called
22:24:45.531 INFO  View.AppController : Author list failed
22:24:45.532 INFO  View.AppController : Author list menu item clicked
22:24:48.960 INFO  View.Launcher : Closing connection...
22:25:54.761 INFO  View.Launcher : Creating connection...
22:25:55.250 INFO  View.Launcher : start() called
22:25:58.729 INFO  View.AppController : Author list failed
22:25:58.730 INFO  View.AppController : Author list menu item clicked
22:26:01.890 INFO  View.Launcher : Closing connection...
23:17:39.765 INFO  View.Launcher : Creating connection...
23:17:40.244 INFO  View.Launcher : start() called
23:17:42.776 INFO  View.AppController : Author list failed
23:17:42.778 INFO  View.AppController : Author list menu item clicked
23:17:45.674 INFO  View.Launcher : Closing connection...
23:26:23.855 INFO  View.Launcher : Creating connection...
23:26:24.409 INFO  View.Launcher : start() called
23:26:27.173 INFO  View.AppController : Author list failed
23:26:27.174 INFO  View.AppController : Author list menu item clicked
23:26:32.029 INFO  View.AppController : Author list failed
23:26:32.030 INFO  View.AppController : Author list menu item clicked
23:26:35.941 INFO  View.Launcher : Closing connection...
23:31:13.722 INFO  View.Launcher : Creating connection...
23:31:14.263 INFO  View.Launcher : start() called
23:31:16.594 INFO  View.AppController : Author list failed
23:31:16.595 INFO  View.AppController : Author list menu item clicked
23:31:19.731 INFO  View.Launcher : Closing connection...
23:35:11.537 INFO  View.Launcher : Creating connection...
23:35:12.061 INFO  View.Launcher : start() called
23:35:15.495 INFO  View.AppController : Author list failed
23:35:15.495 INFO  View.AppController : Author list menu item clicked
23:35:22.043 INFO  View.Launcher : Closing connection...
23:39:01.519 INFO  View.Launcher : Creating connection...
23:39:02.028 INFO  View.Launcher : start() called
23:39:04.203 INFO  View.AppController : Author list failed
23:39:04.205 INFO  View.AppController : Author list menu item clicked
23:39:06.108 INFO  View.Launcher : Closing connection...
23:43:22.173 INFO  View.Launcher : Creating connection...
23:43:22.749 INFO  View.Launcher : start() called
23:43:25.307 INFO  View.AppController : Author list failed
23:43:25.308 INFO  View.AppController : Author list menu item clicked
23:43:28.998 INFO  View.Launcher : Closing connection...
23:49:13.752 INFO  View.Launcher : Creating connection...
23:49:14.305 INFO  View.Launcher : start() called
23:49:17.002 INFO  View.AppController : Author list failed
23:49:17.003 INFO  View.AppController : Author list menu item clicked
23:49:19.095 INFO  View.Launcher : Closing connection...
23:52:44.360 INFO  View.Launcher : Creating connection...
23:52:44.912 INFO  View.Launcher : start() called
23:52:48.361 INFO  View.AppController : Author list failed
23:52:48.362 INFO  View.AppController : Author list menu item clicked
23:52:52.058 INFO  View.Launcher : Closing connection...
23:57:25.000 INFO  View.Launcher : Creating connection...
23:57:25.509 INFO  View.Launcher : start() called
23:57:29.633 INFO  View.AppController : Author list failed
23:57:29.635 INFO  View.AppController : Author list menu item clicked
23:57:31.828 INFO  View.Launcher : Closing connection...
23:58:28.190 INFO  View.Launcher : Creating connection...
23:58:28.774 INFO  View.Launcher : start() called
23:58:31.591 INFO  View.AppController : Author list failed
23:58:31.592 INFO  View.AppController : Author list menu item clicked
23:58:34.301 INFO  View.Launcher : Closing connection...
23:59:29.444 INFO  View.Launcher : Creating connection...
23:59:29.973 INFO  View.Launcher : start() called
23:59:32.498 INFO  View.AppController : Author list failed
23:59:32.500 INFO  View.AppController : Author list menu item clicked
23:59:34.711 INFO  View.Launcher : Closing connection...
00:09:47.032 INFO  View.Launcher : Creating connection...
00:09:47.478 INFO  View.Launcher : start() called
00:09:50.454 INFO  View.AppController : Author list failed
00:09:50.456 INFO  View.AppController : Author list menu item clicked
00:09:52.712 INFO  View.Launcher : Closing connection...
00:11:06.269 INFO  View.Launcher : Creating connection...
00:11:07.077 INFO  View.Launcher : start() called
00:11:09.409 INFO  View.AppController : Author list failed
00:11:09.410 INFO  View.AppController : Author list menu item clicked
00:11:11.457 INFO  View.Launcher : Closing connection...
00:15:25.508 INFO  View.Launcher : Creating connection...
00:15:26.118 INFO  View.Launcher : start() called
00:15:43.378 INFO  View.AppController : Author list failed
00:15:43.379 INFO  View.AppController : Author list menu item clicked
00:15:49.190 INFO  View.Launcher : Closing connection...
00:15:51.672 INFO  View.Launcher : Creating connection...
00:15:52.177 INFO  View.Launcher : start() called
00:15:55.155 INFO  View.AppController : Author list failed
00:15:55.156 INFO  View.AppController : Author list menu item clicked
00:15:58.048 INFO  View.Launcher : Closing connection...
00:16:26.445 INFO  View.Launcher : Creating connection...
00:16:26.919 INFO  View.Launcher : start() called
00:16:30.222 INFO  View.AppController : Author list failed
00:16:30.223 INFO  View.AppController : Author list menu item clicked
00:16:32.397 INFO  View.Launcher : Closing connection...
00:19:32.826 INFO  View.Launcher : Creating connection...
00:19:33.358 INFO  View.Launcher : start() called
00:19:35.873 INFO  View.AppController : Author list failed
00:19:35.873 INFO  View.AppController : Author list menu item clicked
00:19:37.758 INFO  View.Launcher : Closing connection...
00:26:12.277 INFO  View.Launcher : Creating connection...
00:26:12.784 INFO  View.Launcher : start() called
00:26:15.724 INFO  View.AppController : Author list failed
00:26:15.725 INFO  View.AppController : Author list menu item clicked
00:26:17.622 INFO  View.Launcher : Closing connection...
00:28:09.016 INFO  View.Launcher : Creating connection...
00:28:09.642 INFO  View.Launcher : start() called
00:28:13.289 INFO  View.AppController : Author list failed
00:28:13.290 INFO  View.AppController : Author list menu item clicked
00:28:22.119 INFO  View.Launcher : Closing connection...
00:38:14.201 INFO  View.Launcher : Creating connection...
00:38:14.719 INFO  View.Launcher : start() called
00:38:17.097 INFO  View.AppController : Author list failed
00:38:17.097 INFO  View.AppController : Author list menu item clicked
00:38:19.139 INFO  View.Launcher : Closing connection...
00:41:23.740 INFO  View.Launcher : Creating connection...
00:41:24.231 INFO  View.Launcher : start() called
00:42:16.347 INFO  View.Launcher : Closing connection...
01:46:39.030 INFO  View.Launcher : Creating connection...
01:46:39.675 INFO  View.Launcher : start() called
01:46:43.185 INFO  View.AppController : Author list failed
01:46:43.186 INFO  View.AppController : Author list menu item clicked
01:46:47.362 INFO  View.Launcher : Closing connection...
01:49:52.888 INFO  View.Launcher : Creating connection...
01:49:53.614 INFO  View.Launcher : start() called
01:49:56.610 INFO  View.AppController : Author list failed
01:49:56.611 INFO  View.AppController : Author list menu item clicked
01:49:59.040 INFO  View.Launcher : Closing connection...
01:54:53.935 INFO  View.Launcher : Creating connection...
01:54:54.740 INFO  View.Launcher : start() called
01:54:57.726 INFO  View.AppController : Author list failed
01:54:57.727 INFO  View.AppController : Author list menu item clicked
01:54:59.800 INFO  View.Launcher : Closing connection...
02:04:47.353 INFO  View.Launcher : Creating connection...
02:04:48.153 INFO  View.Launcher : start() called
02:04:52.614 INFO  View.AppController : Author list failed
02:04:52.616 INFO  View.AppController : Author list menu item clicked
02:04:56.253 INFO  View.Launcher : Closing connection...
02:05:22.812 INFO  View.Launcher : Creating connection...
02:05:23.619 INFO  View.Launcher : start() called
02:05:26.374 INFO  View.AppController : Author list failed
02:05:26.375 INFO  View.AppController : Author list menu item clicked
02:05:29.275 INFO  View.Launcher : Closing connection...
02:06:02.227 INFO  View.Launcher : Creating connection...
02:06:02.847 INFO  View.Launcher : start() called
02:06:06.330 INFO  View.AppController : Author list failed
02:06:06.330 INFO  View.AppController : Author list menu item clicked
02:06:09.015 INFO  View.Launcher : Closing connection...
02:07:27.466 INFO  View.Launcher : Creating connection...
02:07:28.234 INFO  View.Launcher : start() called
02:07:30.763 INFO  View.AppController : Author list failed
02:07:30.764 INFO  View.AppController : Author list menu item clicked
02:07:33.026 INFO  View.Launcher : Closing connection...
02:08:04.254 INFO  View.Launcher : Creating connection...
02:08:04.960 INFO  View.Launcher : start() called
02:08:07.614 INFO  View.AppController : Author list failed
02:08:07.615 INFO  View.AppController : Author list menu item clicked
02:08:09.412 INFO  View.Launcher : Closing connection...
02:12:31.317 INFO  View.Launcher : Creating connection...
02:12:32.216 INFO  View.Launcher : start() called
02:12:35.382 INFO  View.AppController : Author list failed
02:12:35.383 INFO  View.AppController : Author list menu item clicked
02:12:37.733 INFO  View.Launcher : Closing connection...
02:14:01.745 INFO  View.Launcher : Creating connection...
02:14:01.790 FATAL View.Launcher : Cannot connect to db
02:14:29.214 INFO  View.Launcher : Creating connection...
02:14:30.128 INFO  View.Launcher : start() called
02:14:35.155 INFO  View.AppController : Author list failed
02:14:35.156 INFO  View.AppController : Author list menu item clicked
02:14:38.816 INFO  View.AppController : Quit menu item clicked
02:14:38.818 INFO  View.Launcher : Closing connection...
02:23:50.609 INFO  View.Launcher : Creating connection...
02:23:51.263 INFO  View.Launcher : start() called
02:23:54.343 INFO  View.AppController : Author list failed
02:23:54.344 INFO  View.AppController : Author list menu item clicked
02:23:56.075 INFO  View.Launcher : Closing connection...
02:24:42.308 INFO  View.Launcher : Creating connection...
02:24:42.970 INFO  View.Launcher : start() called
02:24:45.396 INFO  View.AppController : Author list failed
02:24:45.397 INFO  View.AppController : Author list menu item clicked
02:24:47.464 INFO  View.Launcher : Closing connection...
02:25:46.114 INFO  View.Launcher : Creating connection...
02:25:46.786 INFO  View.Launcher : start() called
02:25:49.298 INFO  View.AppController : Author list failed
02:25:49.300 INFO  View.AppController : Author list menu item clicked
02:25:51.007 INFO  View.Launcher : Closing connection...
16:16:26.646 INFO  View.Launcher : Creating connection...
16:16:26.971 INFO  View.Launcher : start() called
16:16:31.437 INFO  View.AppController : Author list failed
16:16:31.437 INFO  View.AppController : Author list menu item clicked
16:36:51.822 INFO  View.Launcher : Creating connection...
16:36:52.120 INFO  View.Launcher : start() called
16:36:54.928 INFO  View.AppController : Author list failed
16:36:54.929 INFO  View.AppController : Author list menu item clicked
16:36:56.995 INFO  View.Launcher : Closing connection...
16:37:24.076 INFO  View.Launcher : Closing connection...
16:41:29.245 INFO  View.Launcher : Creating connection...
16:41:29.595 INFO  View.Launcher : start() called
16:41:32.360 INFO  View.AppController : Author list failed
16:41:32.361 INFO  View.AppController : Author list menu item clicked
16:41:36.100 INFO  View.Launcher : Closing connection...
16:47:01.874 INFO  View.Launcher : Creating connection...
16:47:02.269 INFO  View.Launcher : start() called
16:47:07.527 INFO  View.AppController : Author list failed
16:47:07.529 INFO  View.AppController : Author list menu item clicked
16:47:09.067 INFO  View.Launcher : Closing connection...
16:51:03.063 INFO  View.Launcher : Creating connection...
16:51:03.370 INFO  View.Launcher : start() called
16:51:06.322 INFO  View.AppController : Author list failed
16:51:06.323 INFO  View.AppController : Author list menu item clicked
16:51:08.330 INFO  View.Launcher : Closing connection...
16:53:04.453 INFO  View.Launcher : Creating connection...
16:53:04.814 INFO  View.Launcher : start() called
16:53:07.685 INFO  View.AppController : Author list failed
16:53:07.686 INFO  View.AppController : Author list menu item clicked
16:53:09.754 INFO  View.Launcher : Closing connection...
16:55:22.418 INFO  View.Launcher : Creating connection...
16:55:22.707 INFO  View.Launcher : start() called
16:55:25.395 INFO  View.AppController : Author list failed
16:55:25.396 INFO  View.AppController : Author list menu item clicked
16:55:27.534 INFO  View.Launcher : Closing connection...
16:57:59.858 INFO  View.Launcher : Creating connection...
16:58:00.121 INFO  View.Launcher : start() called
16:58:03.631 INFO  View.AppController : Author list failed
16:58:03.632 INFO  View.AppController : Author list menu item clicked
16:58:05.686 INFO  View.Launcher : Closing connection...
17:02:43.985 INFO  View.Launcher : Creating connection...
17:02:44.330 INFO  View.Launcher : start() called
17:02:47.075 INFO  View.AppController : Author list failed
17:02:47.076 INFO  View.AppController : Author list menu item clicked
17:02:48.893 INFO  View.Launcher : Closing connection...
17:06:44.442 INFO  View.Launcher : Creating connection...
17:06:44.710 INFO  View.Launcher : start() called
17:06:46.945 INFO  View.AppController : Author list failed
17:06:46.946 INFO  View.AppController : Author list menu item clicked
17:06:49.758 INFO  View.Launcher : Closing connection...
17:13:53.124 INFO  View.Launcher : Creating connection...
17:13:53.490 INFO  View.Launcher : start() called
17:13:56.186 INFO  View.AppController : Author list failed
17:13:56.186 INFO  View.AppController : Author list menu item clicked
17:13:58.400 INFO  View.Launcher : Closing connection...
17:34:27.696 INFO  View.Launcher : Creating connection...
17:34:28.005 INFO  View.Launcher : start() called
17:34:31.321 INFO  View.AppController : Author list failed
17:34:31.322 INFO  View.AppController : Author list menu item clicked
20:53:33.736 INFO  View.Launcher : Creating connection...
20:53:34.326 INFO  View.Launcher : start() called
20:53:40.420 INFO  View.AppController : Author list failed
20:53:40.421 INFO  View.AppController : Author list menu item clicked
20:53:42.724 INFO  View.Launcher : Closing connection...
20:59:02.369 INFO  View.Launcher : Creating connection...
20:59:02.937 INFO  View.Launcher : start() called
20:59:05.916 INFO  View.AppController : Author list failed
20:59:05.917 INFO  View.AppController : Author list menu item clicked
20:59:08.114 INFO  View.Launcher : Closing connection...
22:39:18.695 INFO  View.Launcher : Creating connection...
22:39:19.284 INFO  View.Launcher : start() called
22:39:22.798 INFO  View.AppController : Author list failed
22:39:22.800 INFO  View.AppController : Author list menu item clicked
22:39:25.222 INFO  View.Launcher : Closing connection...
22:39:39.396 INFO  View.Launcher : Creating connection...
22:39:39.852 INFO  View.Launcher : start() called
22:39:42.920 INFO  View.AppController : Author list failed
22:39:42.921 INFO  View.AppController : Author list menu item clicked
22:39:45.607 INFO  View.Launcher : Closing connection...
22:47:12.687 INFO  View.Launcher : Creating connection...
22:47:13.229 INFO  View.Launcher : start() called
22:47:16.294 INFO  View.AppController : Author list failed
22:47:16.294 INFO  View.AppController : Author list menu item clicked
22:47:18.723 INFO  View.Launcher : Closing connection...
22:49:18.795 INFO  View.Launcher : Creating connection...
22:49:19.334 INFO  View.Launcher : start() called
22:49:22.479 INFO  View.AppController : Author list failed
22:49:22.480 INFO  View.AppController : Author list menu item clicked
22:49:24.939 INFO  View.Launcher : Closing connection...
23:00:54.939 INFO  View.Launcher : Creating connection...
23:00:55.572 INFO  View.Launcher : start() called
23:00:55.704 INFO  View.Launcher : Closing connection...
23:01:42.077 INFO  View.Launcher : Creating connection...
23:01:42.570 INFO  View.Launcher : start() called
23:01:42.722 INFO  View.Launcher : Closing connection...
23:05:58.019 INFO  View.Launcher : Creating connection...
23:05:58.530 INFO  View.Launcher : start() called
23:05:58.663 INFO  View.Launcher : Closing connection...
23:07:14.288 INFO  View.Launcher : Creating connection...
23:07:14.900 INFO  View.Launcher : start() called
23:07:15.021 INFO  View.Launcher : Closing connection...
23:09:22.824 INFO  View.Launcher : Creating connection...
23:09:23.313 INFO  View.Launcher : start() called
23:09:23.460 INFO  View.Launcher : Closing connection...
23:10:30.709 INFO  View.Launcher : Creating connection...
23:10:31.219 INFO  View.Launcher : start() called
23:10:34.400 INFO  View.AppController : Author list failed
23:10:34.401 INFO  View.AppController : Author list menu item clicked
23:10:37.188 INFO  View.Launcher : Closing connection...
23:12:28.237 INFO  View.Launcher : Closing connection...
23:24:25.320 INFO  View.Launcher : Creating connection...
23:24:25.787 INFO  View.Launcher : start() called
23:24:28.400 INFO  View.AppController : Author list failed
23:24:28.401 INFO  View.AppController : Author list menu item clicked
23:24:30.757 INFO  View.Launcher : Closing connection...
23:29:33.862 INFO  View.Launcher : Creating connection...
23:29:34.912 INFO  View.Launcher : start() called
23:29:38.761 INFO  View.AppController : Author list failed
23:29:38.762 INFO  View.AppController : Author list menu item clicked
23:29:41.652 INFO  View.Launcher : Closing connection...
13:05:41.042 INFO  View.Launcher : Creating connection...
13:05:41.919 INFO  View.Launcher : start() called
13:05:46.371 INFO  View.AppController : Author list failed
13:05:46.372 INFO  View.AppController : Author list menu item clicked
13:05:48.478 INFO  View.Launcher : Closing connection...
13:09:15.840 INFO  View.Launcher : Creating connection...
13:09:16.165 INFO  View.Launcher : start() called
13:09:20.374 INFO  View.AppController : Author list failed
13:09:20.375 INFO  View.AppController : Author list menu item clicked
13:09:23.057 INFO  View.Launcher : Closing connection...
13:11:56.602 INFO  View.Launcher : Creating connection...
13:11:57.104 INFO  View.Launcher : start() called
13:12:01.308 INFO  View.AppController : Author list failed
13:12:01.309 INFO  View.AppController : Author list menu item clicked
13:12:21.929 INFO  View.Launcher : Closing connection...
13:15:15.079 INFO  View.Launcher : Creating connection...
13:15:15.407 INFO  View.Launcher : start() called
13:15:18.283 INFO  View.AppController : Author list failed
13:15:18.285 INFO  View.AppController : Author list menu item clicked
13:15:20.357 INFO  View.Launcher : Closing connection...
13:22:19.169 INFO  View.Launcher : Creating connection...
13:22:19.493 INFO  View.Launcher : start() called
13:22:22.533 INFO  View.AppController : Author list failed
13:22:22.534 INFO  View.AppController : Author list menu item clicked
13:22:25.807 INFO  View.Launcher : Closing connection...
13:23:40.108 INFO  View.Launcher : Creating connection...
13:23:40.361 INFO  View.Launcher : start() called
13:23:44.124 INFO  View.AppController : Author list failed
13:23:44.126 INFO  View.AppController : Author list menu item clicked
13:23:46.762 INFO  View.Launcher : Closing connection...
13:33:27.578 INFO  View.Launcher : Creating connection...
13:33:27.999 INFO  View.Launcher : start() called
13:33:31.424 INFO  View.AppController : Author list failed
13:33:31.426 INFO  View.AppController : Author list menu item clicked
13:33:33.537 INFO  View.Launcher : Closing connection...
13:35:20.093 INFO  View.Launcher : Creating connection...
13:35:20.429 INFO  View.Launcher : start() called
13:35:23.208 INFO  View.AppController : Author list failed
13:35:23.210 INFO  View.AppController : Author list menu item clicked
13:35:25.333 INFO  View.Launcher : Closing connection...
18:17:48.079 INFO  View.Launcher : Creating connection...
18:17:48.452 INFO  View.Launcher : start() called
18:17:52.065 INFO  View.AppController : Author list failed
18:17:52.066 INFO  View.AppController : Author list menu item clicked
18:17:54.302 INFO  View.Launcher : Closing connection...
18:20:23.901 INFO  View.Launcher : Creating connection...
18:20:24.286 INFO  View.Launcher : start() called
18:20:27.000 INFO  View.AppController : Author list failed
18:20:27.000 INFO  View.AppController : Author list menu item clicked
18:20:29.152 INFO  View.Launcher : Closing connection...
18:20:59.099 INFO  View.Launcher : Creating connection...
18:20:59.397 INFO  View.Launcher : start() called
18:21:02.164 INFO  View.AppController : Author list failed
18:21:02.165 INFO  View.AppController : Author list menu item clicked
18:21:04.389 INFO  View.Launcher : Closing connection...
18:21:50.138 INFO  View.Launcher : Creating connection...
18:21:50.490 INFO  View.Launcher : start() called
18:21:53.525 INFO  View.AppController : Author list failed
18:21:53.526 INFO  View.AppController : Author list menu item clicked
18:21:55.915 INFO  View.Launcher : Closing connection...
18:23:14.762 INFO  View.Launcher : Creating connection...
18:23:15.070 INFO  View.Launcher : start() called
18:23:17.289 INFO  View.Launcher : Closing connection...
16:36:30.649 INFO  View.Launcher : Creating connection...
16:36:31.356 INFO  View.Launcher : start() called
16:36:37.499 INFO  Database.AuthorTableGateway : Connection is null still
16:36:37.501 INFO  View.AppController : Author list failed
16:36:37.501 INFO  View.AppController : Author list menu item clicked
16:36:38.747 INFO  View.Launcher : Closing connection...
16:40:00.638 INFO  View.Launcher : Creating connection...
16:40:01.013 INFO  View.Launcher : start() called
16:40:04.149 INFO  View.AppController : Author list failed
16:40:04.149 INFO  View.AppController : Author list menu item clicked
16:40:05.450 INFO  View.Launcher : Closing connection...
16:40:35.117 INFO  View.Launcher : Creating connection...
16:40:35.470 INFO  View.Launcher : start() called
16:40:39.030 INFO  View.AppController : Author list failed
16:40:39.031 INFO  View.AppController : Author list menu item clicked
16:40:41.369 INFO  View.Launcher : Closing connection...
16:41:07.690 INFO  View.Launcher : Creating connection...
16:41:08.054 INFO  View.Launcher : start() called
16:41:11.189 INFO  View.AppController : Author list failed
16:41:11.190 INFO  View.AppController : Author list menu item clicked
16:41:12.882 INFO  View.Launcher : Closing connection...
16:41:50.760 INFO  View.Launcher : Creating connection...
16:41:51.101 INFO  View.Launcher : start() called
16:41:54.591 INFO  View.AppController : Author list failed
16:41:54.591 INFO  View.AppController : Author list menu item clicked
16:41:55.933 INFO  View.Launcher : Closing connection...
16:42:50.841 INFO  View.Launcher : Creating connection...
16:42:51.371 INFO  View.Launcher : start() called
16:42:55.964 INFO  View.AppController : Author list failed
16:42:55.964 INFO  View.AppController : Author list menu item clicked
16:42:57.243 INFO  View.Launcher : Closing connection...
16:44:16.804 INFO  View.Launcher : Creating connection...
16:44:17.187 INFO  View.Launcher : start() called
16:44:20.160 INFO  View.AppController : Author list failed
16:44:20.160 INFO  View.AppController : Author list menu item clicked
16:44:21.565 INFO  View.Launcher : Closing connection...
16:44:38.123 INFO  View.Launcher : Creating connection...
16:44:38.446 INFO  View.Launcher : start() called
16:44:41.028 INFO  View.AppController : Author list failed
16:44:41.028 INFO  View.AppController : Author list menu item clicked
16:44:42.290 INFO  View.Launcher : Closing connection...
16:46:17.171 INFO  View.Launcher : Creating connection...
16:46:17.510 INFO  View.Launcher : start() called
16:46:20.891 INFO  View.AppController : Author list failed
16:46:20.891 INFO  View.AppController : Author list menu item clicked
16:46:22.102 INFO  View.Launcher : Closing connection...
16:48:43.923 INFO  View.Launcher : Creating connection...
16:48:44.270 INFO  View.Launcher : start() called
16:48:47.963 INFO  View.AppController : Author list failed
16:48:47.963 INFO  View.AppController : Author list menu item clicked
16:48:49.455 INFO  View.Launcher : Closing connection...
16:48:58.631 INFO  View.Launcher : Creating connection...
16:48:58.951 INFO  View.Launcher : start() called
16:49:01.832 INFO  View.AppController : Author list failed
16:49:01.832 INFO  View.AppController : Author list menu item clicked
16:50:37.863 INFO  View.Launcher : Creating connection...
16:50:38.183 INFO  View.Launcher : start() called
16:50:41.037 INFO  View.AppController : Author list failed
16:50:41.038 INFO  View.AppController : Author list menu item clicked
16:50:42.333 INFO  View.Launcher : Closing connection...
16:51:06.886 INFO  View.Launcher : Creating connection...
16:51:07.205 INFO  View.Launcher : start() called
16:51:10.485 INFO  View.AppController : Author list failed
16:51:10.486 INFO  View.AppController : Author list menu item clicked
16:51:12.124 INFO  View.Launcher : Closing connection...
16:53:03.169 INFO  View.Launcher : Creating connection...
16:53:03.480 INFO  View.Launcher : start() called
16:53:06.215 INFO  View.AppController : Author list failed
16:53:06.215 INFO  View.AppController : Author list menu item clicked
16:55:47.950 INFO  View.Launcher : Creating connection...
16:55:48.271 INFO  View.Launcher : start() called
16:55:51.576 INFO  View.AppController : Author list failed
16:55:51.576 INFO  View.AppController : Author list menu item clicked
16:55:56.312 INFO  View.Launcher : Closing connection...
16:57:20.759 INFO  View.Launcher : Creating connection...
16:57:21.110 INFO  View.Launcher : start() called
16:57:24.186 INFO  View.AppController : Author list failed
16:57:24.186 INFO  View.AppController : Author list menu item clicked
16:57:28.146 INFO  View.Launcher : Closing connection...
16:57:50.605 INFO  View.Launcher : Creating connection...
16:57:50.936 INFO  View.Launcher : start() called
16:57:54.035 INFO  View.AppController : Author list failed
16:57:54.035 INFO  View.AppController : Author list menu item clicked
16:57:56.323 INFO  View.Launcher : Closing connection...
16:58:14.734 INFO  View.Launcher : Creating connection...
16:58:15.059 INFO  View.Launcher : start() called
16:58:18.177 INFO  View.AppController : Author list failed
16:58:18.178 INFO  View.AppController : Author list menu item clicked
16:58:19.495 INFO  View.Launcher : Closing connection...
16:58:33.400 INFO  View.Launcher : Creating connection...
16:58:33.711 INFO  View.Launcher : start() called
16:58:36.408 INFO  View.AppController : Author list failed
16:58:36.409 INFO  View.AppController : Author list menu item clicked
16:58:37.954 INFO  View.Launcher : Closing connection...
17:01:57.032 INFO  View.Launcher : Creating connection...
17:01:57.351 INFO  View.Launcher : start() called
17:02:00.437 INFO  View.AppController : Author list failed
17:02:00.437 INFO  View.AppController : Author list menu item clicked
17:02:01.911 INFO  View.Launcher : Closing connection...
17:06:26.724 INFO  View.Launcher : Closing connection...
17:06:27.757 INFO  View.Launcher : Closing connection...
17:06:31.231 INFO  View.Launcher : Creating connection...
17:06:31.610 INFO  View.Launcher : start() called
17:06:34.850 INFO  View.AppController : Author list failed
17:06:34.851 INFO  View.AppController : Author list menu item clicked
17:06:35.891 INFO  View.Launcher : Closing connection...
17:07:14.994 INFO  View.Launcher : Creating connection...
17:07:15.338 INFO  View.Launcher : start() called
17:07:18.311 INFO  View.AppController : Author list failed
17:07:18.311 INFO  View.AppController : Author list menu item clicked
17:07:19.659 INFO  View.Launcher : Closing connection...
17:10:10.452 INFO  View.Launcher : Creating connection...
17:10:10.791 INFO  View.Launcher : start() called
17:10:14.074 INFO  View.AppController : Author list failed
17:10:14.075 INFO  View.AppController : Author list menu item clicked
17:10:15.902 INFO  View.Launcher : Closing connection...
17:11:00.211 INFO  View.Launcher : Creating connection...
17:11:00.581 INFO  View.Launcher : start() called
17:11:03.554 INFO  View.AppController : Author list failed
17:11:03.555 INFO  View.AppController : Author list menu item clicked
17:12:18.410 INFO  View.AppController : Author list failed
17:12:18.410 INFO  View.AppController : Author list menu item clicked
17:12:19.463 INFO  View.Launcher : Closing connection...
17:12:24.493 INFO  View.Launcher : Creating connection...
17:12:24.897 INFO  View.Launcher : start() called
17:12:55.128 INFO  View.Launcher : Closing connection...
17:13:34.272 INFO  View.Launcher : Creating connection...
17:13:34.608 INFO  View.Launcher : start() called
17:13:37.416 INFO  View.AppController : Author list failed
17:13:37.417 INFO  View.AppController : Author list menu item clicked
17:13:38.414 INFO  View.Launcher : Closing connection...
17:15:34.921 INFO  View.Launcher : Creating connection...
17:15:35.252 INFO  View.Launcher : start() called
17:15:39.097 INFO  View.AppController : Author list failed
17:15:39.097 INFO  View.AppController : Author list menu item clicked
17:15:41.281 INFO  View.Launcher : Closing connection...
17:17:08.742 INFO  View.Launcher : Creating connection...
17:17:09.089 INFO  View.Launcher : start() called
17:17:12.356 INFO  View.AppController : Author list failed
17:17:12.356 INFO  View.AppController : Author list menu item clicked
17:17:13.733 INFO  View.Launcher : Closing connection...
17:18:22.676 INFO  View.Launcher : Creating connection...
17:18:23.073 INFO  View.Launcher : start() called
17:18:23.203 INFO  View.Launcher : Closing connection...
17:18:34.212 INFO  View.Launcher : Creating connection...
17:18:34.550 INFO  View.Launcher : start() called
17:18:34.667 INFO  View.Launcher : Closing connection...
17:18:54.562 INFO  View.Launcher : Creating connection...
17:18:54.902 INFO  View.Launcher : start() called
17:18:55.020 INFO  View.Launcher : Closing connection...
17:19:21.793 INFO  View.Launcher : Creating connection...
17:19:22.166 INFO  View.Launcher : start() called
17:19:22.282 INFO  View.Launcher : Closing connection...
17:20:15.496 INFO  View.Launcher : Creating connection...
17:20:15.831 INFO  View.Launcher : start() called
17:20:15.942 INFO  View.Launcher : Closing connection...
17:21:38.486 INFO  View.Launcher : Creating connection...
17:21:38.820 INFO  View.Launcher : start() called
17:21:38.929 INFO  View.Launcher : Closing connection...
17:22:56.546 INFO  View.Launcher : Creating connection...
17:22:56.890 INFO  View.Launcher : start() called
17:23:04.810 INFO  Controller.AuthorDetailController : Now showing: Full Name: Stephen King
17:23:05.896 INFO  View.Launcher : Closing connection...
17:23:38.805 INFO  View.Launcher : Creating connection...
17:23:39.135 INFO  View.Launcher : start() called
17:23:46.261 INFO  Controller.AuthorDetailController : Now showing: Full Name: Stephen King
17:23:47.792 INFO  View.Launcher : Closing connection...
17:24:24.503 INFO  View.Launcher : Creating connection...
17:24:24.866 INFO  View.Launcher : start() called
17:24:31.668 INFO  View.Launcher : Closing connection...
17:28:03.121 INFO  View.Launcher : Creating connection...
17:28:03.456 INFO  View.Launcher : start() called
17:28:03.563 INFO  View.Launcher : Closing connection...
17:31:04.895 INFO  View.Launcher : Creating connection...
17:31:05.225 INFO  View.Launcher : start() called
17:31:05.333 INFO  View.Launcher : Closing connection...
17:34:10.310 INFO  View.Launcher : Creating connection...
17:34:10.656 INFO  View.Launcher : start() called
17:34:10.766 INFO  View.Launcher : Closing connection...
17:35:26.378 INFO  View.Launcher : Creating connection...
17:35:26.716 INFO  View.Launcher : start() called
17:35:26.821 INFO  View.Launcher : Closing connection...
17:37:40.443 INFO  View.Launcher : Creating connection...
17:37:40.913 INFO  View.Launcher : start() called
17:37:41.018 INFO  View.Launcher : Closing connection...
17:43:12.236 INFO  View.Launcher : Creating connection...
17:43:12.564 INFO  View.Launcher : start() called
17:43:12.580 INFO  View.Launcher : Closing connection...
17:43:34.950 INFO  View.Launcher : Creating connection...
17:43:35.278 INFO  View.Launcher : start() called
17:43:35.296 INFO  View.Launcher : Closing connection...
17:43:39.678 INFO  View.Launcher : Creating connection...
17:43:39.965 INFO  View.Launcher : start() called
17:43:39.980 INFO  View.Launcher : Closing connection...
17:44:20.089 INFO  View.Launcher : Creating connection...
17:44:20.428 INFO  View.Launcher : start() called
17:44:20.448 INFO  View.Launcher : Closing connection...
17:47:18.476 INFO  View.Launcher : Creating connection...
17:47:18.827 INFO  View.Launcher : start() called
17:47:18.845 INFO  View.Launcher : Closing connection...
17:47:56.267 INFO  View.Launcher : Creating connection...
17:47:56.588 INFO  View.Launcher : start() called
17:47:56.607 INFO  View.Launcher : Closing connection...
17:49:56.046 INFO  View.Launcher : Creating connection...
17:49:56.388 INFO  View.Launcher : start() called
17:49:56.410 INFO  View.Launcher : Closing connection...
18:05:29.765 INFO  View.Launcher : Creating connection...
18:05:30.175 INFO  View.Launcher : start() called
18:05:30.184 INFO  View.Launcher : Closing connection...
18:06:30.620 INFO  View.Launcher : Creating connection...
18:06:31.032 INFO  View.Launcher : Closing connection...
18:08:12.340 INFO  View.Launcher : Creating connection...
18:08:12.700 INFO  View.Launcher : Closing connection...
18:09:01.465 INFO  View.Launcher : Creating connection...
18:09:01.828 INFO  View.Launcher : Closing connection...
18:09:30.247 INFO  View.Launcher : Creating connection...
18:09:30.720 INFO  View.Launcher : Closing connection...
18:09:59.953 INFO  View.Launcher : Creating connection...
18:10:00.410 INFO  View.Launcher : Closing connection...
18:11:10.306 INFO  View.Launcher : Creating connection...
18:11:10.829 INFO  Controller.MainMenuController : Main Menu Loaded.
18:11:15.680 INFO  Controller.MainMenuController : AuthorList button selected.
18:11:17.361 INFO  View.Launcher : Closing connection...
18:11:47.936 INFO  View.Launcher : Creating connection...
18:11:48.463 INFO  Controller.MainMenuController : Main Menu Loaded.
18:11:51.633 INFO  Controller.MainMenuController : AuthorList button selected.
18:11:53.230 INFO  View.Launcher : Closing connection...
18:12:23.971 INFO  View.Launcher : Creating connection...
18:12:24.456 INFO  Controller.MainMenuController : Main Menu Loaded.
18:12:28.163 INFO  Controller.MainMenuController : AuthorList button selected.
18:12:29.460 INFO  Controller.AuthorListController : Author double clicked.
18:12:29.462 INFO  Controller.AuthorDetailController : Now showing: Full Name: Jheremi Villarreal
18:12:32.272 INFO  Controller.MainMenuController : AuthorList button selected.
18:12:34.998 INFO  Controller.MainMenuController : AuthorList button selected.
18:12:36.706 INFO  View.Launcher : Closing connection...
18:16:04.565 INFO  View.Launcher : Creating connection...
18:16:05.103 INFO  Controller.MainMenuController : Main Menu Loaded.
18:16:08.379 INFO  Controller.MainMenuController : AuthorList button selected.
18:16:09.482 INFO  Controller.AuthorListController : Author double clicked.
18:16:09.486 INFO  Controller.AuthorDetailController : Now showing: Full Name: Jheremi Villarreal
18:16:15.100 INFO  Controller.AuthorDetailController : Author's info is saved
18:16:17.685 INFO  View.Launcher : Closing connection...
18:16:44.018 INFO  View.Launcher : Creating connection...
18:16:44.515 INFO  Controller.MainMenuController : Main Menu Loaded.
18:16:47.624 INFO  Controller.MainMenuController : AuthorList button selected.
18:16:48.822 INFO  Controller.AuthorListController : Author double clicked.
18:16:48.824 INFO  Controller.AuthorDetailController : Now showing: Full Name: Stephen King
18:16:50.980 INFO  Controller.MainMenuController : AuthorList button selected.
18:16:51.971 INFO  Controller.AuthorListController : Author double clicked.
18:16:51.972 INFO  Controller.AuthorDetailController : Now showing: Full Name: Jheremi Villarreal
18:16:55.244 INFO  Controller.AuthorDetailController : Author's info is saved
18:17:06.577 INFO  View.Launcher : Closing connection...
18:17:46.966 INFO  View.Launcher : Creating connection...
18:17:47.482 INFO  Controller.MainMenuController : Main Menu Loaded.
18:17:50.909 INFO  Controller.MainMenuController : AuthorList button selected.
18:17:52.134 INFO  Controller.AuthorListController : Author double clicked.
18:17:52.138 INFO  Controller.AuthorDetailController : Now showing: Full Name: Stephen King
18:17:58.687 INFO  Controller.AuthorDetailController : Author's info is saved
18:18:00.188 INFO  Controller.AuthorDetailController : Author's info is saved
18:18:01.378 INFO  Controller.AuthorDetailController : Author's info is saved
18:18:01.773 INFO  Controller.AuthorDetailController : Author's info is saved
18:18:03.107 INFO  View.Launcher : Closing connection...
18:19:29.918 INFO  View.Launcher : Creating connection...
18:19:30.460 INFO  Controller.MainMenuController : Main Menu Loaded.
18:19:34.162 INFO  View.Launcher : Closing connection...
18:20:11.740 INFO  View.Launcher : Creating connection...
18:20:12.247 INFO  Controller.MainMenuController : Main Menu Loaded.
18:20:15.850 INFO  Controller.MainMenuController : AuthorList button selected.
18:20:17.146 INFO  Controller.AuthorListController : Author double clicked.
18:20:17.150 INFO  Controller.AuthorDetailController : Now showing: Full Name: Jheremi Villarreal
18:20:20.930 INFO  Controller.MainMenuController : AuthorList button selected.
18:20:22.047 INFO  Controller.AuthorListController : Author double clicked.
18:20:22.048 INFO  Controller.AuthorDetailController : Now showing: Full Name: Stephen King
18:20:24.913 INFO  Controller.MainMenuController : AuthorList button selected.
18:20:26.194 INFO  Controller.AuthorListController : Author double clicked.
18:20:26.195 INFO  Controller.AuthorDetailController : Now showing: Full Name: Jheremi Villarreal
18:20:26.892 INFO  Controller.AuthorDetailController : Author's info is saved
18:20:29.708 INFO  Controller.AuthorDetailController : Author's info is saved
18:20:30.728 INFO  Controller.AuthorDetailController : Author's info is saved
18:20:32.943 INFO  View.Launcher : Closing connection...
18:21:17.165 INFO  View.Launcher : Creating connection...
18:21:17.868 INFO  Controller.MainMenuController : Main Menu Loaded.
18:21:22.331 INFO  Controller.MainMenuController : AuthorList button selected.
18:21:23.474 INFO  Controller.AuthorListController : Author double clicked.
18:21:23.479 INFO  Controller.AuthorDetailController : Now showing: Full Name: Jheremi Villarreal
18:21:38.014 INFO  Controller.AuthorDetailController : Author's info is saved
18:21:40.609 INFO  View.Launcher : Closing connection...
20:33:09.659 INFO  View.Launcher : Creating connection...
20:33:10.264 INFO  Controller.MainMenuController : Main Menu Loaded.
20:33:16.368 INFO  Controller.MainMenuController : AuthorList button selected.
20:33:25.089 INFO  View.Launcher : Closing connection...
22:52:35.701 INFO  View.Launcher : Creating connection...
22:52:37.402 INFO  Controller.MainMenuController : Main Menu Loaded.
22:52:43.253 INFO  Controller.MainMenuController : AuthorList button selected.
22:52:51.460 INFO  Controller.AuthorListController : Author double clicked.
22:52:51.482 INFO  Controller.AuthorDetailController : Now showing: Full Name: Jheremi Villarreal
22:52:56.183 INFO  View.Launcher : Closing connection...
23:01:33.023 INFO  View.Launcher : Creating connection...
23:01:33.775 INFO  Controller.MainMenuController : Main Menu Loaded.
23:01:35.891 INFO  Controller.MainMenuController : AuthorList button selected.
23:01:42.945 INFO  Controller.AuthorListController : Author double clicked.
23:01:42.948 INFO  Controller.AuthorDetailController : Now showing: Full Name: Jheremi Villarreal
23:02:00.018 INFO  Controller.AuthorDetailController : Author's info is saved
23:02:05.117 INFO  View.Launcher : Closing connection...
23:33:50.417 INFO  View.Launcher : Creating connection...
23:33:51.118 INFO  Controller.MainMenuController : Main Menu Loaded.
23:33:59.567 INFO  Controller.MainMenuController : AuthorList button selected.
23:34:04.625 INFO  Controller.AuthorListController : Author double clicked.
23:34:04.628 INFO  Controller.AuthorDetailController : Now showing: Full Name: Jheremi Villarreal
23:34:22.837 INFO  Controller.AuthorDetailController : Author's info is saved
23:34:28.198 INFO  View.Launcher : Closing connection...
23:52:04.472 INFO  View.Launcher : Creating connection...
23:52:05.214 INFO  Controller.MainMenuController : Main Menu Loaded.
23:52:07.751 INFO  Controller.MainMenuController : AuthorList button selected.
23:52:09.502 INFO  Controller.AuthorListController : Author double clicked.
23:52:09.505 INFO  Controller.AuthorDetailController : Now showing: Full Name: Jheremi Villarreal
23:52:22.388 INFO  Controller.AuthorDetailController : Author's info is saved
23:52:26.673 INFO  View.Launcher : Closing connection...
13:17:17.533 INFO  View.Launcher : Creating connection...
13:17:18.074 INFO  Controller.MainMenuController : Main Menu Loaded.
13:17:23.146 INFO  Controller.MainMenuController : AuthorList button selected.
13:17:25.157 INFO  Controller.AuthorListController : Author double clicked.
13:17:25.161 INFO  Controller.AuthorDetailController : Now showing: Full Name: Jheremi Villarreal
13:17:34.279 INFO  Controller.AuthorDetailController : Author's info is saved
13:17:36.631 INFO  View.Launcher : Closing connection...
13:22:53.100 INFO  View.Launcher : Creating connection...
13:22:53.678 INFO  Controller.MainMenuController : Main Menu Loaded.
13:22:56.732 INFO  Controller.MainMenuController : AuthorList button selected.
13:22:58.693 INFO  Controller.AuthorListController : Author double clicked.
13:22:58.696 INFO  Controller.AuthorDetailController : Now showing: Full Name: Jheremi Villarreal
13:23:05.255 INFO  Controller.AuthorDetailController : Author's info is saved
13:23:07.061 INFO  View.Launcher : Closing connection...
13:32:46.459 INFO  View.Launcher : Creating connection...
13:32:47.898 INFO  Controller.MainMenuController : Main Menu Loaded.
13:32:49.885 INFO  Controller.MainMenuController : AuthorList button selected.
13:32:51.571 INFO  Controller.AuthorListController : Author double clicked.
13:32:51.574 INFO  Controller.AuthorDetailController : Now showing: Full Name: Jheremi Villarreal
13:32:59.250 INFO  Controller.AuthorDetailController : Author's info is saved
13:33:01.421 INFO  View.Launcher : Closing connection...
13:33:46.733 INFO  View.Launcher : Creating connection...
13:33:47.315 INFO  Controller.MainMenuController : Main Menu Loaded.
13:33:49.160 INFO  Controller.MainMenuController : AuthorList button selected.
13:33:53.827 INFO  Controller.AuthorListController : Author double clicked.
13:33:53.830 INFO  Controller.AuthorDetailController : Now showing: Full Name: Byanka Villarreal
13:34:03.414 INFO  View.Launcher : Closing connection...
13:37:31.259 INFO  View.Launcher : Creating connection...
13:37:31.765 INFO  Controller.MainMenuController : Main Menu Loaded.
13:37:33.882 INFO  Controller.MainMenuController : AuthorList button selected.
13:37:35.258 INFO  Controller.AuthorListController : Author double clicked.
13:37:35.261 INFO  Controller.AuthorDetailController : Now showing: Full Name: Jheremi Villarreal
13:37:40.597 INFO  Controller.AuthorDetailController : Author's info is saved
13:37:42.448 INFO  View.Launcher : Closing connection...
13:39:42.473 INFO  View.Launcher : Creating connection...
13:39:42.928 INFO  Controller.MainMenuController : Main Menu Loaded.
13:39:44.809 INFO  Controller.MainMenuController : AuthorList button selected.
13:39:45.941 INFO  Controller.AuthorListController : Author double clicked.
13:39:45.944 INFO  Controller.AuthorDetailController : Now showing: Full Name: Jheremi Villarreal
13:39:50.441 INFO  Controller.AuthorDetailController : Author's info is saved
13:39:52.296 INFO  View.Launcher : Closing connection...
13:40:10.868 INFO  View.Launcher : Creating connection...
13:40:11.303 INFO  Controller.MainMenuController : Main Menu Loaded.
13:40:13.585 INFO  Controller.MainMenuController : AuthorList button selected.
13:40:15.083 INFO  Controller.AuthorListController : Author double clicked.
13:40:15.086 INFO  Controller.AuthorDetailController : Now showing: Full Name: Jheremi Villarreal
13:40:20.017 INFO  Controller.AuthorDetailController : Author's info is saved
13:40:22.321 INFO  View.Launcher : Closing connection...
13:45:01.225 INFO  View.Launcher : Creating connection...
13:45:01.748 INFO  Controller.MainMenuController : Main Menu Loaded.
13:45:04.161 INFO  Controller.MainMenuController : AuthorList button selected.
13:45:05.665 INFO  Controller.AuthorListController : Author double clicked.
13:45:05.668 INFO  Controller.AuthorDetailController : Now showing: Full Name: Jheremi Villarreal
13:45:23.177 INFO  Controller.AuthorDetailController : Author's info is saved
13:45:25.085 INFO  View.Launcher : Closing connection...
13:59:54.891 INFO  View.Launcher : Creating connection...
13:59:55.451 INFO  Controller.MainMenuController : Main Menu Loaded.
13:59:58.172 INFO  Controller.MainMenuController : AuthorList button selected.
13:59:59.929 INFO  Controller.AuthorListController : Author double clicked.
13:59:59.932 INFO  Controller.AuthorDetailController : Now showing: Full Name: Jheremi Villarreal
14:00:04.162 INFO  Controller.AuthorDetailController : Author's info is saved
14:00:06.114 INFO  View.Launcher : Closing connection...
15:15:50.425 INFO  View.Launcher : Creating connection...
15:15:50.972 INFO  Controller.MainMenuController : Main Menu Loaded.
15:15:53.114 INFO  Controller.MainMenuController : AuthorList button selected.
15:15:54.639 INFO  Controller.AuthorListController : Author double clicked.
15:15:54.643 INFO  Controller.AuthorDetailController : Now showing: Full Name: Jheremi Villarreal
15:16:00.270 INFO  Controller.AuthorDetailController : Author's info is saved
15:16:02.490 INFO  View.Launcher : Closing connection...
15:16:23.624 INFO  View.Launcher : Creating connection...
15:16:24.362 INFO  Controller.MainMenuController : Main Menu Loaded.
15:16:26.435 INFO  Controller.MainMenuController : AuthorList button selected.
15:16:27.766 INFO  Controller.AuthorListController : Author double clicked.
15:16:27.770 INFO  Controller.AuthorDetailController : Now showing: Full Name: Jheremi Villarreal
15:16:33.545 INFO  Controller.AuthorDetailController : Author's info is saved
15:16:35.292 INFO  View.Launcher : Closing connection...
15:17:36.362 INFO  View.Launcher : Creating connection...
15:17:37.124 INFO  Controller.MainMenuController : Main Menu Loaded.
15:17:38.777 INFO  Controller.MainMenuController : AuthorList button selected.
15:17:40.089 INFO  Controller.AuthorListController : Author double clicked.
15:17:40.093 INFO  Controller.AuthorDetailController : Now showing: Full Name: Jheremi Villarreal
15:17:44.537 INFO  Controller.AuthorDetailController : Author's info is saved
15:17:46.374 INFO  View.Launcher : Closing connection...
15:19:20.310 INFO  View.Launcher : Creating connection...
15:19:20.842 INFO  Controller.MainMenuController : Main Menu Loaded.
15:19:22.897 INFO  Controller.MainMenuController : AuthorList button selected.
15:19:24.488 INFO  Controller.AuthorListController : Author double clicked.
15:19:24.492 INFO  Controller.AuthorDetailController : Now showing: Full Name: Jheremi Villarreal
15:19:28.959 INFO  Controller.AuthorDetailController : Author's info is saved
15:19:31.801 INFO  View.Launcher : Closing connection...
15:19:55.267 INFO  View.Launcher : Creating connection...
15:19:55.744 INFO  Controller.MainMenuController : Main Menu Loaded.
15:19:58.751 INFO  Controller.MainMenuController : AuthorList button selected.
15:20:00.032 INFO  Controller.AuthorListController : Author double clicked.
15:20:00.035 INFO  Controller.AuthorDetailController : Now showing: Full Name: Byanka Villarreal
15:20:03.443 INFO  Controller.AuthorDetailController : Author's info is saved
15:20:06.181 INFO  View.Launcher : Closing connection...
16:46:34.678 INFO  View.Launcher : Creating connection...
16:46:35.086 INFO  Controller.MainMenuController : Main Menu Loaded.
16:46:49.781 INFO  Controller.MainMenuController : AuthorList button selected.
16:46:55.722 INFO  Controller.MainMenuController : AuthorList button selected.
16:47:11.642 INFO  View.Launcher : Closing connection...
16:47:14.896 INFO  View.Launcher : Creating connection...
16:47:15.262 INFO  Controller.MainMenuController : Main Menu Loaded.
16:47:18.902 INFO  Controller.MainMenuController : AuthorList button selected.
16:47:21.200 INFO  View.Launcher : Closing connection...
16:48:05.249 INFO  View.Launcher : Creating connection...
16:48:05.677 INFO  Controller.MainMenuController : Main Menu Loaded.
16:48:07.715 INFO  Controller.MainMenuController : AuthorList button selected.
16:48:09.691 INFO  View.Launcher : Closing connection...
16:49:19.182 INFO  View.Launcher : Creating connection...
16:49:19.571 INFO  Controller.MainMenuController : Main Menu Loaded.
16:49:21.531 INFO  Controller.MainMenuController : AuthorList button selected.
16:49:23.491 INFO  Controller.AuthorListController : Author double clicked.
16:49:23.494 INFO  Controller.AuthorDetailController : Now showing: Full Name: Byanka Villarreal
16:49:29.514 INFO  Controller.AuthorDetailController : Author's info is saved
16:49:33.839 INFO  Controller.MainMenuController : AuthorList button selected.
16:49:36.581 INFO  View.Launcher : Closing connection...
17:18:44.517 INFO  View.Launcher : Creating connection...
17:18:44.970 INFO  Controller.MainMenuController : Main Menu Loaded.
17:18:47.320 INFO  Controller.MainMenuController : AuthorList button selected.
17:18:49.202 INFO  Controller.AuthorListController : Author double clicked.
17:18:49.307 INFO  Controller.AuthorDetailController : Now showing: Full Name: Byanka Villarreal
17:18:55.768 INFO  Controller.AuthorDetailController : Author's info is saved
17:19:01.707 INFO  View.Launcher : Closing connection...
17:29:14.893 INFO  View.Launcher : Creating connection...
17:29:15.264 INFO  Controller.MainMenuController : Main Menu Loaded.
17:29:17.466 INFO  Controller.MainMenuController : AuthorList button selected.
17:29:19.037 INFO  Controller.AuthorListController : Author double clicked.
17:29:19.041 INFO  Controller.AuthorDetailController : Now showing: Full Name: Byanka Villarreal
17:29:22.022 INFO  Controller.AuthorDetailController : Author's info is saved
17:29:24.291 INFO  View.Launcher : Closing connection...
17:31:36.319 INFO  View.Launcher : Creating connection...
17:31:36.724 INFO  Controller.MainMenuController : Main Menu Loaded.
17:31:38.919 INFO  Controller.MainMenuController : AuthorList button selected.
17:31:40.744 INFO  Controller.AuthorListController : Author double clicked.
17:31:40.747 INFO  Controller.AuthorDetailController : Now showing: Full Name: Byanka Villarreal
17:31:47.128 INFO  Controller.AuthorDetailController : Author's info is saved
17:31:49.208 INFO  View.Launcher : Closing connection...
17:32:25.369 INFO  View.Launcher : Creating connection...
17:32:25.736 INFO  Controller.MainMenuController : Main Menu Loaded.
17:32:28.287 INFO  Controller.MainMenuController : AuthorList button selected.
17:32:29.542 INFO  Controller.AuthorListController : Author double clicked.
17:32:29.545 INFO  Controller.AuthorDetailController : Now showing: Full Name: Byanka Villarreal
17:32:31.732 INFO  View.Launcher : Closing connection...
17:32:47.331 INFO  View.Launcher : Creating connection...
17:32:47.715 INFO  Controller.MainMenuController : Main Menu Loaded.
17:32:50.320 INFO  Controller.MainMenuController : AuthorList button selected.
17:32:51.329 INFO  Controller.AuthorListController : Author double clicked.
17:32:51.332 INFO  Controller.AuthorDetailController : Now showing: Full Name: Byanka Villarreal
17:32:55.271 INFO  View.Launcher : Closing connection...
17:34:55.417 INFO  View.Launcher : Creating connection...
17:34:55.787 INFO  Controller.MainMenuController : Main Menu Loaded.
17:34:57.780 INFO  Controller.MainMenuController : AuthorList button selected.
17:34:59.379 INFO  Controller.AuthorListController : Author double clicked.
17:34:59.383 INFO  Controller.AuthorDetailController : Now showing: Full Name: Byanka Villarreal
17:35:02.350 INFO  Controller.AuthorDetailController : Author's info is saved
17:35:05.005 INFO  View.Launcher : Closing connection...
17:35:22.689 INFO  View.Launcher : Creating connection...
17:35:23.056 INFO  Controller.MainMenuController : Main Menu Loaded.
17:35:25.877 INFO  Controller.MainMenuController : AuthorList button selected.
17:35:27.194 INFO  Controller.AuthorListController : Author double clicked.
17:35:27.197 INFO  Controller.AuthorDetailController : Now showing: Full Name: Byanka Villarreal
17:35:29.937 INFO  Controller.AuthorDetailController : Author's info is saved
17:35:32.770 INFO  View.Launcher : Closing connection...
17:37:31.685 INFO  View.Launcher : Creating connection...
17:37:32.061 INFO  Controller.MainMenuController : Main Menu Loaded.
17:37:34.723 INFO  Controller.MainMenuController : AuthorList button selected.
17:37:36.213 INFO  Controller.AuthorListController : Author double clicked.
17:37:36.216 INFO  Controller.AuthorDetailController : Now showing: Full Name: Byanka Villarreal
17:37:43.466 INFO  Controller.AuthorDetailController : Author's info is saved
17:37:45.435 INFO  View.Launcher : Closing connection...
17:47:07.284 INFO  View.Launcher : Creating connection...
17:47:07.673 INFO  Controller.MainMenuController : Main Menu Loaded.
17:47:09.536 INFO  Controller.MainMenuController : AuthorList button selected.
17:47:10.587 INFO  Controller.AuthorListController : Author double clicked.
17:47:10.590 INFO  Controller.AuthorDetailController : Now showing: Full Name: Byanka Villarreal
17:47:13.133 INFO  Controller.AuthorDetailController : Author's info is saved
17:47:18.415 INFO  View.Launcher : Closing connection...
17:56:58.803 INFO  View.Launcher : Creating connection...
17:56:59.337 INFO  Controller.MainMenuController : Main Menu Loaded.
17:57:01.884 INFO  Controller.MainMenuController : AuthorList button selected.
17:57:03.308 INFO  Controller.AuthorListController : Author double clicked.
17:57:03.311 INFO  Controller.AuthorDetailController : Now showing: Full Name: Byanka Villarreal
17:57:05.941 INFO  Controller.AuthorDetailController : Author's info is saved
17:57:08.012 INFO  View.Launcher : Closing connection...
17:57:34.904 INFO  View.Launcher : Creating connection...
17:57:35.284 INFO  Controller.MainMenuController : Main Menu Loaded.
17:57:37.458 INFO  Controller.MainMenuController : AuthorList button selected.
17:57:39.167 INFO  Controller.AuthorListController : Author double clicked.
17:57:39.170 INFO  Controller.AuthorDetailController : Now showing: Full Name: Byanka Villarreal
17:57:41.855 INFO  Controller.AuthorDetailController : Author's info is saved
17:57:44.438 INFO  View.Launcher : Closing connection...
18:14:50.593 INFO  View.Launcher : Creating connection...
18:14:51.056 INFO  Controller.MainMenuController : Main Menu Loaded.
18:14:53.371 INFO  Controller.MainMenuController : AuthorList button selected.
18:14:54.777 INFO  Controller.AuthorListController : Author double clicked.
18:14:54.779 INFO  Controller.AuthorDetailController : Now showing: Full Name: Byanka Villarreal
18:15:03.605 INFO  Controller.AuthorDetailController : Author's info is saved
18:15:05.033 INFO  View.Launcher : Closing connection...
18:16:01.258 INFO  View.Launcher : Creating connection...
18:16:01.681 INFO  Controller.MainMenuController : Main Menu Loaded.
18:16:03.755 INFO  Controller.MainMenuController : AuthorList button selected.
18:16:05.260 INFO  Controller.AuthorListController : Author double clicked.
18:16:05.263 INFO  Controller.AuthorDetailController : Now showing: Full Name: Byanka Villarreal
18:16:07.661 INFO  Controller.AuthorDetailController : Author's info is saved
18:16:09.262 INFO  View.Launcher : Closing connection...
19:47:00.508 INFO  View.Launcher : Creating connection...
19:47:00.978 INFO  Controller.MainMenuController : Main Menu Loaded.
19:47:05.288 INFO  Controller.MainMenuController : AuthorList button selected.
19:47:06.519 INFO  Controller.AuthorListController : Author double clicked.
19:47:06.523 INFO  Controller.AuthorDetailController : Now showing: Full Name: Byanka Villarreal
19:47:11.241 INFO  Controller.AuthorDetailController : Author's info is saved
19:47:14.741 INFO  View.Launcher : Closing connection...
19:47:39.553 INFO  View.Launcher : Creating connection...
19:47:40.058 INFO  Controller.MainMenuController : Main Menu Loaded.
19:47:42.214 INFO  Controller.MainMenuController : AuthorList button selected.
19:47:43.302 INFO  Controller.AuthorListController : Author double clicked.
19:47:43.306 INFO  Controller.AuthorDetailController : Now showing: Full Name: Byanka Villarreal
19:47:47.974 INFO  Controller.AuthorDetailController : Author's info is saved
19:47:56.113 INFO  Controller.MainMenuController : Exiting...
19:51:18.864 INFO  View.Launcher : Creating connection...
19:51:19.297 INFO  Controller.MainMenuController : Main Menu Loaded.
19:51:20.984 INFO  Controller.MainMenuController : AuthorList button selected.
19:51:22.719 INFO  Controller.AuthorListController : Author double clicked.
19:51:22.721 INFO  Controller.AuthorDetailController : Now showing: Full Name: Byanka Villarreal
19:51:27.205 INFO  Controller.AuthorDetailController : Author's info is saved
19:51:28.677 INFO  View.Launcher : Closing connection...
20:00:26.191 INFO  View.Launcher : Creating connection...
20:00:26.715 INFO  Controller.MainMenuController : Main Menu Loaded.
20:00:29.019 INFO  Controller.MainMenuController : AuthorList button selected.
20:00:30.531 INFO  Controller.AuthorListController : Author double clicked.
20:00:30.535 INFO  Controller.AuthorDetailController : Now showing: Full Name: Byanka Villarreal
20:00:33.213 INFO  Controller.AuthorDetailController : Author's info is saved
20:00:53.070 INFO  View.Launcher : Closing connection...
20:05:04.956 INFO  View.Launcher : Creating connection...
20:05:05.446 INFO  Controller.MainMenuController : Main Menu Loaded.
20:05:07.867 INFO  Controller.MainMenuController : AuthorList button selected.
20:05:09.075 INFO  Controller.AuthorListController : Author double clicked.
20:05:09.078 INFO  Controller.AuthorDetailController : Now showing: Full Name: Byanka Villarreal
20:05:16.286 INFO  Controller.AuthorDetailController : Author's info is saved
20:05:18.222 INFO  View.Launcher : Closing connection...
20:05:49.910 INFO  View.Launcher : Creating connection...
20:05:50.399 INFO  Controller.MainMenuController : Main Menu Loaded.
20:05:52.622 INFO  Controller.MainMenuController : AuthorList button selected.
20:05:53.786 INFO  Controller.AuthorListController : Author double clicked.
20:05:53.789 INFO  Controller.AuthorDetailController : Now showing: Full Name: Byanka Villarreal
20:05:56.051 INFO  Controller.AuthorDetailController : Author's info is saved
20:05:58.389 INFO  View.Launcher : Closing connection...
20:06:39.911 INFO  View.Launcher : Creating connection...
20:06:40.477 INFO  Controller.MainMenuController : Main Menu Loaded.
20:06:42.723 INFO  Controller.MainMenuController : AuthorList button selected.
20:06:43.732 INFO  Controller.AuthorListController : Author double clicked.
20:06:43.736 INFO  Controller.AuthorDetailController : Now showing: Full Name: Byanka Villarreal
20:06:46.240 INFO  Controller.AuthorDetailController : Author's info is saved
20:06:47.325 INFO  View.Launcher : Closing connection...
20:07:25.512 INFO  View.Launcher : Creating connection...
20:07:26.024 INFO  Controller.MainMenuController : Main Menu Loaded.
20:07:28.826 INFO  Controller.MainMenuController : AuthorList button selected.
20:07:30.026 INFO  Controller.AuthorListController : Author double clicked.
20:07:30.029 INFO  Controller.AuthorDetailController : Now showing: Full Name: Byanka Villarreal
20:07:32.537 INFO  Controller.AuthorDetailController : Author's info is saved
20:07:35.844 INFO  Controller.MainMenuController : AuthorList button selected.
20:07:37.123 INFO  Controller.AuthorListController : Author double clicked.
20:07:37.124 INFO  Controller.AuthorDetailController : Now showing: Full Name: Byanka Villarreal
20:07:40.061 INFO  View.Launcher : Closing connection...
20:09:50.609 INFO  View.Launcher : Creating connection...
20:09:51.119 INFO  Controller.MainMenuController : Main Menu Loaded.
20:09:52.911 INFO  Controller.MainMenuController : AuthorList button selected.
20:09:54.149 INFO  Controller.AuthorListController : Author double clicked.
20:09:54.152 INFO  Controller.AuthorDetailController : Now showing: Full Name: Byanka Villarreal
20:09:56.335 INFO  Controller.AuthorDetailController : Author's info is saved
20:09:58.604 INFO  Controller.MainMenuController : AuthorList button selected.
20:09:59.610 INFO  Controller.AuthorListController : Author double clicked.
20:09:59.612 INFO  Controller.AuthorDetailController : Now showing: Full Name: Byanka Villarreal
20:10:13.338 INFO  View.Launcher : Closing connection...
20:31:48.893 INFO  View.Launcher : Creating connection...
20:31:49.920 INFO  Controller.MainMenuController : Main Menu Loaded.
20:31:52.034 INFO  Controller.MainMenuController : AuthorList button selected.
20:31:53.489 INFO  Controller.AuthorListController : Author double clicked.
20:31:53.491 INFO  Controller.AuthorDetailController : Now showing: Full Name: Byanka Villarreal
20:31:58.346 INFO  Controller.AuthorDetailController : Author's info is saved
20:32:01.026 INFO  Controller.MainMenuController : AuthorList button selected.
20:32:02.134 INFO  Controller.AuthorListController : Author double clicked.
20:32:02.135 INFO  Controller.AuthorDetailController : Now showing: Full Name: Byanka Villarreal
20:32:05.543 INFO  View.Launcher : Closing connection...
20:36:51.729 INFO  View.Launcher : Creating connection...
20:36:52.446 INFO  Controller.MainMenuController : Main Menu Loaded.
20:36:54.833 INFO  Controller.MainMenuController : AuthorList button selected.
20:36:56.316 INFO  Controller.AuthorListController : Author double clicked.
20:36:56.320 INFO  Controller.AuthorDetailController : Now showing: Full Name: Stephen King
20:36:59.513 INFO  Controller.MainMenuController : AuthorList button selected.
20:37:00.308 INFO  Controller.AuthorListController : Author double clicked.
20:37:00.308 INFO  Controller.AuthorDetailController : Now showing: Full Name: Byanka Villarreal
20:37:02.322 INFO  Controller.AuthorDetailController : Author's info is saved
20:37:05.285 INFO  Controller.MainMenuController : AuthorList button selected.
20:37:06.465 INFO  Controller.AuthorListController : Author double clicked.
20:37:06.467 INFO  Controller.AuthorDetailController : Now showing: Full Name: Byanka Villarreal
20:37:07.792 INFO  View.Launcher : Closing connection...
